<?xml version="1.0" encoding="UTF-8"?>
<!-- Generated by org.testng.reporters.JUnitXMLReporter -->
<testsuite hostname="DESKTOP-ALM9EO1" failures="0" tests="17" name="Test Case" time="85.268" errors="0" timestamp="12 Jun 2023 21:18:12 GMT">
  <testcase classname="tests.AboutTest" name="verifySuccessfulNavigationToAboutPage" time="5.111"/>
  <testcase classname="tests.CartTest" name="successfullyAddToCart" time="2.788"/>
  <testcase classname="tests.CartTest" name="successfullyRemoveFromCart" time="4.651"/>
  <testcase classname="tests.CartTest" name="successfullyContinueShopping" time="5.586"/>
  <testcase classname="tests.CartTest" name="itemsRemainedAddedToCartAfterLogoutLogin" time="6.659"/>
  <testcase classname="tests.CheckoutTest" name="SuccessfullyCheckout" time="3.183"/>
  <testcase classname="tests.CheckoutTest" name="cancelCheckout" time="5.657"/>
  <testcase classname="tests.CheckoutTest" name="checkoutInfoEmptyFirstNameCredentialsValidation" time="4.648"/>
  <testcase classname="tests.CheckoutTest" name="checkoutInfoEmptyLastNameCredentialsValidation" time="5.168"/>
  <testcase classname="tests.CheckoutTest" name="checkoutInfoEmptyZipPostalCodeCredentialsValidation" time="4.869"/>
  <testcase classname="tests.FooterNavigationTest" name="verifyFooterNavigationFunctionality" time="5.284"/>
  <testcase classname="tests.LoginTest" name="verifySuccessfulLogin" time="1.342"/>
  <testcase classname="tests.LoginTest" name="verifyUnsuccessfulLoginWithInvalidCredentials" time="3.092"/>
  <testcase classname="tests.LoginTest" name="emptyPasswordCredentialsValidation" time="3.029"/>
  <testcase classname="tests.LoginTest" name="emptyUsernameCredentialsValidation" time="3.226"/>
  <testcase classname="tests.LogoutTest" name="verifySuccessfulLogout" time="3.219"/>
  <testcase classname="tests.ProductsTest" name="verifyProductsInfoPage" time="2.616"/>
</testsuite> <!-- Test Case -->
