<?xml version="1.0" encoding="UTF-8"?>
<!-- Generated by org.testng.reporters.JUnitXMLReporter -->
<testsuite hostname="DESKTOP-ALM9EO1" failures="0" tests="17" name="Test Case" time="88.078" errors="0" timestamp="7 Jun 2023 09:41:39 GMT">
  <testcase classname="tests.AboutTest" name="verifySuccessfulNavigationToAboutPage" time="5.191"/>
  <testcase classname="tests.CartTest" name="successfullyAddToCart" time="2.632"/>
  <testcase classname="tests.CartTest" name="successfullyRemoveFromCart" time="4.675"/>
  <testcase classname="tests.CartTest" name="successfullyContinueShopping" time="5.455"/>
  <testcase classname="tests.CartTest" name="itemsRemainedAddedToCartAfterLogoutLogin" time="6.519"/>
  <testcase classname="tests.CheckoutTest" name="SuccessfullyCheckout" time="3.542"/>
  <testcase classname="tests.CheckoutTest" name="cancelCheckout" time="6.297"/>
  <testcase classname="tests.CheckoutTest" name="checkoutInfoEmptyFirstNameCredentialsValidation" time="5.194"/>
  <testcase classname="tests.CheckoutTest" name="checkoutInfoEmptyLastNameCredentialsValidation" time="5.198"/>
  <testcase classname="tests.CheckoutTest" name="checkoutInfoEmptyZipPostalCodeCredentialsValidation" time="5.148"/>
  <testcase classname="tests.FooterNavigationTest" name="verifyFooterNavigationFunctionality" time="5.892"/>
  <testcase classname="tests.LoginTest" name="verifySuccessfulLogin" time="1.327"/>
  <testcase classname="tests.LoginTest" name="verifyUnsuccessfulLoginWithInvalidCredentials" time="3.087"/>
  <testcase classname="tests.LoginTest" name="emptyPasswordCredentialsValidation" time="3.074"/>
  <testcase classname="tests.LoginTest" name="emptyUsernameCredentialsValidation" time="3.208"/>
  <testcase classname="tests.LogoutTest" name="verifySuccessfulLogout" time="3.178"/>
  <testcase classname="tests.ProductsTest" name="verifyProductsInfoPage" time="2.626"/>
</testsuite> <!-- Test Case -->
